<?xml version="1.0" encoding="UTF-8"?>
<!-- Generated by org.testng.reporters.JUnitXMLReporter -->
<testsuite ignored="2" hostname="TABLET-MSBGTKQU" failures="3" tests="12" name="Test" time="159.192" errors="0" timestamp="2026-03-25T16:23:53 EDT">
  <testcase classname="Demo.AutomationClass" name="@AfterMethod closebrowser" time="0.001">
    <failure type="java.lang.NullPointerException" message="Cannot invoke &amp;quot;org.openqa.selenium.WebDriver.close()&amp;quot; because &amp;quot;this.driver&amp;quot; is null">
      <![CDATA[java.lang.NullPointerException: Cannot invoke "org.openqa.selenium.WebDriver.close()" because "this.driver" is null
at Demo.AutomationClass.closebrowser(AutomationClass.java:40)
at java.base/java.util.ArrayList.forEach(ArrayList.java:1596)
... Removed 30 stack frames]]>
    </failure>
  </testcase> <!-- @AfterMethod closebrowser -->
  <testcase classname="Demo.AutomationClass" name="@BeforeMethod launchbrowser" time="0.0">
    <skipped/>
  </testcase> <!-- @BeforeMethod launchbrowser -->
  <testcase classname="Demo.AutomationClass" name="@AfterMethod closebrowser" time="0.0">
    <skipped/>
  </testcase> <!-- @AfterMethod closebrowser -->
  <testcase classname="org.pmr.project.ControlCalendar" name="calendar_icon" time="9.901"/>
  <testcase classname="Demo.FirstClass" name="printdata" time="0.004"/>
  <testcase classname="org.pmr.project.HandlingKeyboardMouse" name="handlemouse" time="6.989"/>
  <testcase classname="org.pmr.project.BrowserControl" name="launchbrowser" time="20.295"/>
  <testcase classname="org.pmr.project.FetchData" name="loginpage" time="7.639"/>
  <testcase classname="Demo.AutomationClass" name="validate_login_functionality" time="0.005">
    <failure type="java.lang.NullPointerException" message="Cannot invoke &amp;quot;org.openqa.selenium.WebDriver.findElement(org.openqa.selenium.By)&amp;quot; because &amp;quot;this.driver&amp;quot; is null">
      <![CDATA[java.lang.NullPointerException: Cannot invoke "org.openqa.selenium.WebDriver.findElement(org.openqa.selenium.By)" because "this.driver" is null
at Demo.AutomationClass.validate_login_functionality(AutomationClass.java:64)
at java.base/java.util.ArrayList.forEach(ArrayList.java:1596)
... Removed 25 stack frames]]>
    </failure>
  </testcase> <!-- validate_login_functionality -->
  <testcase classname="Demo.AutomationClass" name="validate_registration_functionality" time="0.0">
    <skipped/>
  </testcase> <!-- validate_registration_functionality -->
  <testcase classname="org.pmr.project.CalendarControl" name="launchbrowser" time="19.222"/>
  <testcase classname="org.pmr.project.WebElementsDemo" name="loginpage" time="11.773"/>
  <testcase classname="org.pmr.project.FetchWaits" name="loginpage" time="35.756"/>
  <testcase classname="org.pmr.project.OneAutomation" name="validate_login_functionality" time="19.952">
    <failure type="java.lang.RuntimeException" message="Unexpected result for screenshot command: null">
      <![CDATA[java.lang.RuntimeException: Unexpected result for screenshot command: null
at org.openqa.selenium.remote.RemoteWebDriver.getScreenshotAs(RemoteWebDriver.java:402)
at org.pmr.project.CaptureScreenshot.testresults(CaptureScreenshot.java:19)
at org.pmr.project.OneAutomation.validate_login_functionality(OneAutomation.java:105)
at java.base/java.util.ArrayList.forEach(ArrayList.java:1596)
... Removed 25 stack frames]]>
    </failure>
  </testcase> <!-- validate_login_functionality -->
  <testcase classname="org.pmr.project.OneAutomation" name="validate_registration_functionality" time="22.588">
    <failure type="org.openqa.selenium.ElementClickInterceptedException" message="element click intercepted: Element is not clickable at point (657, 869)
  (Session info: chrome=146.0.7680.80)
Build info: version: &amp;apos;4.41.0&amp;apos;, revision: &amp;apos;9fc754f&amp;apos;
System info: os.name: &amp;apos;Windows 11&amp;apos;, os.arch: &amp;apos;amd64&amp;apos;, os.version: &amp;apos;10.0&amp;apos;, java.version: &amp;apos;21.0.10&amp;apos;
Driver info: org.openqa.selenium.chrome.ChromeDriver
Command: [389e7f87e903c48923d357598175909c, clickElement {id=f.2CA3C8CE440F59C5AB23780D4CB7730B.d.69DE55603CA9C1805E00B1580E289276.e.143}]
Capabilities {acceptInsecureCerts: false, browserName: chrome, browserVersion: 146.0.7680.80, chrome: {chromedriverVersion: 146.0.7680.165 (4b989da09e1..., userDataDir: C:\Users\paul1\AppData\Loca...}, fedcm:accounts: true, goog:chromeOptions: {debuggerAddress: localhost:54674}, goog:processID: 32204, networkConnectionEnabled: false, pageLoadStrategy: normal, platformName: windows, proxy: Proxy(), se:cdp: ws://localhost:54674/devtoo..., se:cdpVersion: 146.0.7680.80, setWindowRect: true, strictFileInteractability: false, timeouts: {implicit: 0, pageLoad: 300000, script: 30000}, unhandledPromptBehavior: dismiss and notify, webauthn:extension:credBlob: true, webauthn:extension:largeBlob: true, webauthn:extension:minPinLength: true, webauthn:extension:prf: true, webauthn:virtualAuthenticators: true}
Element: [[ChromeDriver: chrome on windows (389e7f87e903c48923d357598175909c)] -&amp;gt; css selector: [value=&amp;apos;Create my account&amp;apos;]]
Session ID: 389e7f87e903c48923d357598175909c">
      <![CDATA[org.openqa.selenium.ElementClickInterceptedException: element click intercepted: Element is not clickable at point (657, 869)
  (Session info: chrome=146.0.7680.80)
Build info: version: '4.41.0', revision: '9fc754f'
System info: os.name: 'Windows 11', os.arch: 'amd64', os.version: '10.0', java.version: '21.0.10'
Driver info: org.openqa.selenium.chrome.ChromeDriver
Command: [389e7f87e903c48923d357598175909c, clickElement {id=f.2CA3C8CE440F59C5AB23780D4CB7730B.d.69DE55603CA9C1805E00B1580E289276.e.143}]
Capabilities {acceptInsecureCerts: false, browserName: chrome, browserVersion: 146.0.7680.80, chrome: {chromedriverVersion: 146.0.7680.165 (4b989da09e1..., userDataDir: C:\Users\paul1\AppData\Loca...}, fedcm:accounts: true, goog:chromeOptions: {debuggerAddress: localhost:54674}, goog:processID: 32204, networkConnectionEnabled: false, pageLoadStrategy: normal, platformName: windows, proxy: Proxy(), se:cdp: ws://localhost:54674/devtoo..., se:cdpVersion: 146.0.7680.80, setWindowRect: true, strictFileInteractability: false, timeouts: {implicit: 0, pageLoad: 300000, script: 30000}, unhandledPromptBehavior: dismiss and notify, webauthn:extension:credBlob: true, webauthn:extension:largeBlob: true, webauthn:extension:minPinLength: true, webauthn:extension:prf: true, webauthn:virtualAuthenticators: true}
Element: [[ChromeDriver: chrome on windows (389e7f87e903c48923d357598175909c)] -> css selector: [value='Create my account']]
Session ID: 389e7f87e903c48923d357598175909c
at org.openqa.selenium.remote.ErrorCodec.decode(ErrorCodec.java:169)
at org.openqa.selenium.remote.codec.w3c.W3CHttpResponseCodec.decode(W3CHttpResponseCodec.java:142)
at org.openqa.selenium.remote.codec.w3c.W3CHttpResponseCodec.decode(W3CHttpResponseCodec.java:49)
at org.openqa.selenium.remote.HttpCommandExecutor.execute(HttpCommandExecutor.java:223)
at org.openqa.selenium.remote.service.DriverCommandExecutor.invokeExecute(DriverCommandExecutor.java:216)
at org.openqa.selenium.remote.service.DriverCommandExecutor.execute(DriverCommandExecutor.java:174)
at org.openqa.selenium.remote.RemoteWebDriver.execute(RemoteWebDriver.java:604)
at org.openqa.selenium.remote.RemoteWebElement.execute(RemoteWebElement.java:223)
at org.openqa.selenium.remote.RemoteWebElement.click(RemoteWebElement.java:76)
at org.pmr.project.OneAutomation.validate_registration_functionality(OneAutomation.java:66)
at java.base/java.util.ArrayList.forEach(ArrayList.java:1596)
... Removed 25 stack frames]]>
    </failure>
  </testcase> <!-- validate_registration_functionality -->
  <testcase classname="org.pmr.project.HandlingKeyboardMouse" name="loginpage" time="0.0">
    <ignored/>
  </testcase> <!-- loginpage -->
  <testcase classname="org.pmr.project.ControlCalendar" name="calendar_text" time="0.0">
    <ignored/>
  </testcase> <!-- calendar_text -->
</testsuite> <!-- Test -->
