<?xml version="1.0" encoding="UTF-8"?>
<testng-results ignored="0" total="1" passed="1" failed="0" skipped="0">
  <reporter-output>
  </reporter-output>
  <suite started-at="2026-04-14T18:07:07 EDT" name="Default suite" finished-at="2026-04-14T18:07:33 EDT" duration-ms="25791">
    <groups>
    </groups>
    <test started-at="2026-04-14T18:07:07 EDT" name="Default test" finished-at="2026-04-14T18:07:33 EDT" duration-ms="25791">
      <class name="org.pmr.automation.pr.testcases.SearchProductScenario">
        <test-method is-config="true" signature="launchbrowser()[pri:0, instance:org.pmr.automation.pr.testcases.SearchProductScenario@3b69e7d1]" started-at="2026-04-14T18:07:07 EDT" name="launchbrowser" finished-at="2026-04-14T18:07:14 EDT" duration-ms="6984" status="PASS">
          <reporter-output>
          </reporter-output>
        </test-method> <!-- launchbrowser -->
        <test-method signature="Test_Case9_Search_Product()[pri:0, instance:org.pmr.automation.pr.testcases.SearchProductScenario@3b69e7d1]" started-at="2026-04-14T18:07:14 EDT" name="Test_Case9_Search_Product" finished-at="2026-04-14T18:07:33 EDT" duration-ms="18687" status="PASS">
          <reporter-output>
          </reporter-output>
        </test-method> <!-- Test_Case9_Search_Product -->
        <test-method is-config="true" signature="closebrowser()[pri:0, instance:org.pmr.automation.pr.testcases.SearchProductScenario@3b69e7d1]" started-at="2026-04-14T18:07:33 EDT" name="closebrowser" finished-at="2026-04-14T18:07:33 EDT" duration-ms="3" status="PASS">
          <reporter-output>
          </reporter-output>
        </test-method> <!-- closebrowser -->
      </class> <!-- org.pmr.automation.pr.testcases.SearchProductScenario -->
    </test> <!-- Default test -->
  </suite> <!-- Default suite -->
</testng-results>
