<?xml version="1.0" encoding="UTF-8"?>
<testng-results ignored="0" total="1" passed="1" failed="0" skipped="0">
  <reporter-output>
  </reporter-output>
  <suite started-at="2026-04-12T20:59:41 EDT" name="Default suite" finished-at="2026-04-12T20:59:58 EDT" duration-ms="17603">
    <groups>
    </groups>
    <test started-at="2026-04-12T20:59:41 EDT" name="Default test" finished-at="2026-04-12T20:59:58 EDT" duration-ms="17603">
      <class name="org.pmr.automation.pr.testcases.AutomationRegistrationScenario">
        <test-method is-config="true" signature="launchbrowser()[pri:0, instance:org.pmr.automation.pr.testcases.AutomationRegistrationScenario@3b69e7d1]" started-at="2026-04-12T20:59:41 EDT" name="launchbrowser" finished-at="2026-04-12T20:59:47 EDT" duration-ms="6511" status="PASS">
          <reporter-output>
          </reporter-output>
        </test-method> <!-- launchbrowser -->
        <test-method signature="tc01_validate_Signup_login_credentail()[pri:0, instance:org.pmr.automation.pr.testcases.AutomationRegistrationScenario@3b69e7d1]" started-at="2026-04-12T20:59:47 EDT" name="tc01_validate_Signup_login_credentail" finished-at="2026-04-12T20:59:58 EDT" duration-ms="11031" status="PASS">
          <reporter-output>
          </reporter-output>
        </test-method> <!-- tc01_validate_Signup_login_credentail -->
        <test-method is-config="true" signature="closebrowser()[pri:0, instance:org.pmr.automation.pr.testcases.AutomationRegistrationScenario@3b69e7d1]" started-at="2026-04-12T20:59:58 EDT" name="closebrowser" finished-at="2026-04-12T20:59:58 EDT" duration-ms="2" status="PASS">
          <reporter-output>
          </reporter-output>
        </test-method> <!-- closebrowser -->
      </class> <!-- org.pmr.automation.pr.testcases.AutomationRegistrationScenario -->
    </test> <!-- Default test -->
  </suite> <!-- Default suite -->
</testng-results>
