<?xml version="1.0" encoding="UTF-8"?>
<!-- Generated by org.testng.reporters.JUnitReportReporter -->
<testsuite hostname="TABLET-MSBGTKQU" failures="0" tests="1" name="org.pmr.automation.pr.testcases.LoginScenario_DDF" time="3.174" errors="0" timestamp="2026-04-12T19:26:55 EDT" skipped="0">
  <testcase classname="org.pmr.automation.pr.testcases.LoginScenario_DDF" name="tc01_validate_login_functionality_valid_credentail" time="3.174"/>
</testsuite> <!-- org.pmr.automation.pr.testcases.LoginScenario_DDF -->
