<?xml version="1.0" encoding="UTF-8"?>
<!-- Generated by org.testng.reporters.JUnitReportReporter -->
<testsuite hostname="TABLET-MSBGTKQU" failures="0" tests="2" name="org.pmr.project.HandlingKeyboardMouse" time="6.989" errors="0" timestamp="2026-03-25T16:23:55 EDT" skipped="1">
  <testcase classname="org.pmr.project.HandlingKeyboardMouse" name="handlemouse" time="6.989"/>
  <testcase classname="org.pmr.project.HandlingKeyboardMouse" name="loginpage">
    <skipped/>
  </testcase> <!-- loginpage -->
</testsuite> <!-- org.pmr.project.HandlingKeyboardMouse -->
