<?xml version="1.0" encoding="UTF-8"?>
<!-- Generated by org.testng.reporters.JUnitReportReporter -->
<testsuite hostname="TABLET-MSBGTKQU" failures="0" tests="2" name="Demo.CalendarControl" time="5.270" errors="0" timestamp="2026-04-12T07:57:28 EDT" skipped="1">
  <testcase classname="Demo.CalendarControl" name="calendar_text" time="5.270"/>
  <testcase classname="Demo.CalendarControl" name="calendar_icon">
    <skipped/>
  </testcase> <!-- calendar_icon -->
</testsuite> <!-- Demo.CalendarControl -->
