<?xml version="1.0" encoding="UTF-8"?>
<!-- Generated by org.testng.reporters.JUnitReportReporter -->
<testsuite hostname="TABLET-MSBGTKQU" failures="0" tests="1" name="org.pmr.automation.pr.testcases.AutomationRegistrationScenario" time="17.544" errors="0" timestamp="2026-04-12T20:59:58 EDT" skipped="0">
  <testcase classname="org.pmr.automation.pr.testcases.AutomationRegistrationScenario" name="tc01_validate_Signup_login_credentail" time="17.544"/>
</testsuite> <!-- org.pmr.automation.pr.testcases.AutomationRegistrationScenario -->
