<?xml version="1.0" encoding="UTF-8"?>
<!-- Generated by org.testng.reporters.JUnitReportReporter -->
<testsuite hostname="TABLET-MSBGTKQU" failures="0" tests="1" name="org.pmr.automation.pr.testcases.SearchProductScenario" time="25.674" errors="0" timestamp="2026-04-14T18:07:33 EDT" skipped="0">
  <testcase classname="org.pmr.automation.pr.testcases.SearchProductScenario" name="Test_Case9_Search_Product" time="25.674"/>
</testsuite> <!-- org.pmr.automation.pr.testcases.SearchProductScenario -->
