<?xml version="1.0" encoding="UTF-8"?>
<!-- Generated by org.testng.reporters.JUnitReportReporter -->
<testsuite hostname="TABLET-MSBGTKQU" failures="0" tests="2" name="org.pmr.project.ControlCalendar" time="9.901" errors="0" timestamp="2026-03-25T16:23:55 EDT" skipped="1">
  <testcase classname="org.pmr.project.ControlCalendar" name="calendar_icon" time="9.901"/>
  <testcase classname="org.pmr.project.ControlCalendar" name="calendar_text">
    <skipped/>
  </testcase> <!-- calendar_text -->
</testsuite> <!-- org.pmr.project.ControlCalendar -->
